c:\users\dany\onedrive\документы\github\balsa\lab1\balsateam\x64\debug\vc142.pdb
c:\users\dany\onedrive\документы\github\balsa\lab1\balsateam\x64\debug\vc142.idb
c:\users\dany\onedrive\документы\github\balsa\lab1\balsateam\x64\debug\multimaxmin.obj
c:\users\dany\onedrive\документы\github\balsa\lab1\balsateam\x64\debug\minelement.obj
c:\users\dany\onedrive\документы\github\balsa\lab1\balsateam\x64\debug\maxelement.obj
c:\users\dany\onedrive\документы\github\balsa\lab1\balsateam\x64\debug\mainsort.obj
c:\users\dany\onedrive\документы\github\balsa\lab1\balsateam\x64\debug\mainmenu.obj
c:\users\dany\onedrive\документы\github\balsa\lab1\balsateam\x64\debug\mainlogic.obj
c:\users\dany\onedrive\документы\github\balsa\lab1\balsateam\x64\debug\main.obj
c:\users\dany\onedrive\документы\github\balsa\lab1\balsateam\x64\debug\lab1.obj
c:\users\dany\onedrive\документы\github\balsa\lab1\balsateam\x64\debug\interpoint.obj
c:\users\dany\onedrive\документы\github\balsa\lab1\balsateam\x64\debug\equalmaxmin.obj
c:\users\dany\onedrive\документы\github\balsa\lab1\balsateam\x64\debug\display__array__sem2.obj
c:\users\dany\onedrive\документы\github\balsa\lab1\balsateam\x64\debug\displayarray.obj
c:\users\dany\onedrive\документы\github\balsa\lab1\balsateam\x64\debug\data_enter_sem2.obj
c:\users\dany\onedrive\документы\github\balsa\lab1\balsateam\x64\debug\dataenterbool.obj
c:\users\dany\onedrive\документы\github\balsa\lab1\balsateam\x64\debug\dataenter.obj
c:\users\dany\onedrive\документы\github\balsa\lab1\balsateam\x64\debug\coordinatespositiveelement.obj
c:\users\dany\onedrive\документы\github\balsa\lab1\balsateam\x64\debug\chekerror.obj
c:\users\dany\onedrive\документы\github\balsa\lab1\balsateam\x64\debug\arrayindexmin.obj
c:\users\dany\onedrive\документы\github\balsa\lab1\balsateam\x64\debug\arrayindexmax.obj
c:\users\dany\onedrive\документы\github\balsa\lab1\balsateam\x64\debug\amountpoint.obj
c:\users\dany\onedrive\документы\github\balsa\lab1\balsateam\x64\debug\zerocollum.obj
c:\users\dany\onedrive\документы\github\balsa\lab1\balsateam\x64\debug\countpositiveelement.obj
c:\users\dany\onedrive\документы\github\balsa\lab1\balsateam\x64\debug\sumpositiveelement.obj
c:\users\dany\onedrive\документы\github\balsa\lab1\balsateam\x64\debug\sumcountcoordposelement.obj
c:\users\dany\onedrive\документы\github\balsa\lab1\balsateam\x64\debug\matrixsort.obj
c:\users\dany\onedrive\документы\github\balsa\lab1\balsateam\x64\debug\seminar2.obj
c:\users\dany\onedrive\документы\github\balsa\lab1\balsateam\x64\debug\seminar3logic.obj
c:\users\dany\onedrive\документы\github\balsa\lab1\balsateam\x64\debug\sortarray.obj
c:\users\dany\onedrive\документы\github\balsa\lab1\balsateam\x64\debug\seminar3cpp.obj
c:\users\dany\onedrive\документы\github\balsa\lab1\balsateam\x64\debug\seminar3.obj
c:\users\dany\onedrive\документы\github\balsa\lab1\balsateam\x64\debug\seminar2__logic.obj
c:\users\dany\onedrive\документы\github\balsa\lab1\balsateam\x64\debug\output.obj
c:\users\dany\onedrive\документы\github\balsa\lab1\balsateam\x64\debug\multiresult.obj
c:\users\dany\onedrive\документы\github\balsa\lab1\balsateam\x64\debug\lab1.exe
c:\users\dany\onedrive\документы\github\balsa\lab1\balsateam\x64\debug\lab1.ilk
c:\users\dany\onedrive\документы\github\balsa\lab1\balsateam\x64\debug\lab1.pdb
c:\users\dany\onedrive\документы\github\balsa\lab1\balsateam\x64\debug\lab1.tlog\cl.command.1.tlog
c:\users\dany\onedrive\документы\github\balsa\lab1\balsateam\x64\debug\lab1.tlog\cl.read.1.tlog
c:\users\dany\onedrive\документы\github\balsa\lab1\balsateam\x64\debug\lab1.tlog\cl.write.1.tlog
c:\users\dany\onedrive\документы\github\balsa\lab1\balsateam\x64\debug\lab1.tlog\link.command.1.tlog
c:\users\dany\onedrive\документы\github\balsa\lab1\balsateam\x64\debug\lab1.tlog\link.read.1.tlog
c:\users\dany\onedrive\документы\github\balsa\lab1\balsateam\x64\debug\lab1.tlog\link.write.1.tlog
